2025-05-29 18:09:54,823 - __main__ - INFO - Запуск бота
2025-05-29 18:09:55,675 - httpx - INFO - HTTP Request: POST https://api.telegram.org/bot7364628913:AAFOiyxfOhrrWziTwhHdrI2vuK6XOtkDw-4/getMe "HTTP/1.1 200 OK"
2025-05-29 18:09:55,793 - httpx - INFO - HTTP Request: POST https://api.telegram.org/bot7364628913:AAFOiyxfOhrrWziTwhHdrI2vuK6XOtkDw-4/deleteWebhook "HTTP/1.1 200 OK"
2025-05-29 18:09:55,794 - apscheduler.scheduler - INFO - Scheduler started
2025-05-29 18:09:55,794 - telegram.ext.Application - INFO - Application started
2025-05-29 18:10:06,085 - httpx - INFO - HTTP Request: POST https://api.telegram.org/bot7364628913:AAFOiyxfOhrrWziTwhHdrI2vuK6XOtkDw-4/getUpdates "HTTP/1.1 200 OK"
2025-05-29 18:10:16,181 - httpx - INFO - HTTP Request: POST https://api.telegram.org/bot7364628913:AAFOiyxfOhrrWziTwhHdrI2vuK6XOtkDw-4/getUpdates "HTTP/1.1 200 OK"
2025-05-29 18:10:26,282 - httpx - INFO - HTTP Request: POST https://api.telegram.org/bot7364628913:AAFOiyxfOhrrWziTwhHdrI2vuK6XOtkDw-4/getUpdates "HTTP/1.1 200 OK"
2025-05-29 18:10:36,378 - httpx - INFO - HTTP Request: POST https://api.telegram.org/bot7364628913:AAFOiyxfOhrrWziTwhHdrI2vuK6XOtkDw-4/getUpdates "HTTP/1.1 200 OK"
2025-05-29 18:10:46,478 - httpx - INFO - HTTP Request: POST https://api.telegram.org/bot7364628913:AAFOiyxfOhrrWziTwhHdrI2vuK6XOtkDw-4/getUpdates "HTTP/1.1 200 OK"
2025-05-29 18:10:56,818 - httpx - INFO - HTTP Request: POST https://api.telegram.org/bot7364628913:AAFOiyxfOhrrWziTwhHdrI2vuK6XOtkDw-4/getUpdates "HTTP/1.1 200 OK"
2025-05-29 18:11:06,925 - httpx - INFO - HTTP Request: POST https://api.telegram.org/bot7364628913:AAFOiyxfOhrrWziTwhHdrI2vuK6XOtkDw-4/getUpdates "HTTP/1.1 200 OK"
2025-05-29 18:11:17,019 - httpx - INFO - HTTP Request: POST https://api.telegram.org/bot7364628913:AAFOiyxfOhrrWziTwhHdrI2vuK6XOtkDw-4/getUpdates "HTTP/1.1 200 OK"
2025-05-29 18:11:27,116 - httpx - INFO - HTTP Request: POST https://api.telegram.org/bot7364628913:AAFOiyxfOhrrWziTwhHdrI2vuK6XOtkDw-4/getUpdates "HTTP/1.1 200 OK"
2025-05-29 18:11:37,220 - httpx - INFO - HTTP Request: POST https://api.telegram.org/bot7364628913:AAFOiyxfOhrrWziTwhHdrI2vuK6XOtkDw-4/getUpdates "HTTP/1.1 200 OK"
2025-05-29 18:11:47,314 - httpx - INFO - HTTP Request: POST https://api.telegram.org/bot7364628913:AAFOiyxfOhrrWziTwhHdrI2vuK6XOtkDw-4/getUpdates "HTTP/1.1 200 OK"
2025-05-29 18:11:57,596 - httpx - INFO - HTTP Request: POST https://api.telegram.org/bot7364628913:AAFOiyxfOhrrWziTwhHdrI2vuK6XOtkDw-4/getUpdates "HTTP/1.1 200 OK"
2025-05-29 18:12:07,690 - httpx - INFO - HTTP Request: POST https://api.telegram.org/bot7364628913:AAFOiyxfOhrrWziTwhHdrI2vuK6XOtkDw-4/getUpdates "HTTP/1.1 200 OK"
2025-05-29 18:12:17,788 - httpx - INFO - HTTP Request: POST https://api.telegram.org/bot7364628913:AAFOiyxfOhrrWziTwhHdrI2vuK6XOtkDw-4/getUpdates "HTTP/1.1 200 OK"
2025-05-29 18:12:28,448 - httpx - INFO - HTTP Request: POST https://api.telegram.org/bot7364628913:AAFOiyxfOhrrWziTwhHdrI2vuK6XOtkDw-4/getUpdates "HTTP/1.1 200 OK"
2025-05-29 18:12:38,556 - httpx - INFO - HTTP Request: POST https://api.telegram.org/bot7364628913:AAFOiyxfOhrrWziTwhHdrI2vuK6XOtkDw-4/getUpdates "HTTP/1.1 200 OK"
2025-05-29 18:12:48,653 - httpx - INFO - HTTP Request: POST https://api.telegram.org/bot7364628913:AAFOiyxfOhrrWziTwhHdrI2vuK6XOtkDw-4/getUpdates "HTTP/1.1 200 OK"
2025-05-29 18:12:58,746 - httpx - INFO - HTTP Request: POST https://api.telegram.org/bot7364628913:AAFOiyxfOhrrWziTwhHdrI2vuK6XOtkDw-4/getUpdates "HTTP/1.1 200 OK"
2025-05-29 18:13:08,843 - httpx - INFO - HTTP Request: POST https://api.telegram.org/bot7364628913:AAFOiyxfOhrrWziTwhHdrI2vuK6XOtkDw-4/getUpdates "HTTP/1.1 200 OK"
2025-05-29 18:13:18,938 - httpx - INFO - HTTP Request: POST https://api.telegram.org/bot7364628913:AAFOiyxfOhrrWziTwhHdrI2vuK6XOtkDw-4/getUpdates "HTTP/1.1 200 OK"
2025-05-29 18:13:29,035 - httpx - INFO - HTTP Request: POST https://api.telegram.org/bot7364628913:AAFOiyxfOhrrWziTwhHdrI2vuK6XOtkDw-4/getUpdates "HTTP/1.1 200 OK"
2025-05-29 18:13:39,129 - httpx - INFO - HTTP Request: POST https://api.telegram.org/bot7364628913:AAFOiyxfOhrrWziTwhHdrI2vuK6XOtkDw-4/getUpdates "HTTP/1.1 200 OK"
2025-05-29 18:13:49,244 - httpx - INFO - HTTP Request: POST https://api.telegram.org/bot7364628913:AAFOiyxfOhrrWziTwhHdrI2vuK6XOtkDw-4/getUpdates "HTTP/1.1 200 OK"
2025-05-29 18:13:59,869 - httpx - INFO - HTTP Request: POST https://api.telegram.org/bot7364628913:AAFOiyxfOhrrWziTwhHdrI2vuK6XOtkDw-4/getUpdates "HTTP/1.1 200 OK"
2025-05-29 18:14:09,967 - httpx - INFO - HTTP Request: POST https://api.telegram.org/bot7364628913:AAFOiyxfOhrrWziTwhHdrI2vuK6XOtkDw-4/getUpdates "HTTP/1.1 200 OK"
2025-05-29 18:14:20,352 - httpx - INFO - HTTP Request: POST https://api.telegram.org/bot7364628913:AAFOiyxfOhrrWziTwhHdrI2vuK6XOtkDw-4/getUpdates "HTTP/1.1 200 OK"
2025-05-29 18:14:30,447 - httpx - INFO - HTTP Request: POST https://api.telegram.org/bot7364628913:AAFOiyxfOhrrWziTwhHdrI2vuK6XOtkDw-4/getUpdates "HTTP/1.1 200 OK"
2025-05-29 18:14:40,551 - httpx - INFO - HTTP Request: POST https://api.telegram.org/bot7364628913:AAFOiyxfOhrrWziTwhHdrI2vuK6XOtkDw-4/getUpdates "HTTP/1.1 200 OK"
2025-05-29 18:14:50,731 - httpx - INFO - HTTP Request: POST https://api.telegram.org/bot7364628913:AAFOiyxfOhrrWziTwhHdrI2vuK6XOtkDw-4/getUpdates "HTTP/1.1 200 OK"
2025-05-29 18:15:00,884 - httpx - INFO - HTTP Request: POST https://api.telegram.org/bot7364628913:AAFOiyxfOhrrWziTwhHdrI2vuK6XOtkDw-4/getUpdates "HTTP/1.1 200 OK"
2025-05-29 18:15:10,985 - httpx - INFO - HTTP Request: POST https://api.telegram.org/bot7364628913:AAFOiyxfOhrrWziTwhHdrI2vuK6XOtkDw-4/getUpdates "HTTP/1.1 200 OK"
2025-05-29 18:15:21,078 - httpx - INFO - HTTP Request: POST https://api.telegram.org/bot7364628913:AAFOiyxfOhrrWziTwhHdrI2vuK6XOtkDw-4/getUpdates "HTTP/1.1 200 OK"
2025-05-29 18:15:31,183 - httpx - INFO - HTTP Request: POST https://api.telegram.org/bot7364628913:AAFOiyxfOhrrWziTwhHdrI2vuK6XOtkDw-4/getUpdates "HTTP/1.1 200 OK"
2025-05-29 18:15:41,620 - httpx - INFO - HTTP Request: POST https://api.telegram.org/bot7364628913:AAFOiyxfOhrrWziTwhHdrI2vuK6XOtkDw-4/getUpdates "HTTP/1.1 200 OK"
2025-05-29 18:15:51,816 - httpx - INFO - HTTP Request: POST https://api.telegram.org/bot7364628913:AAFOiyxfOhrrWziTwhHdrI2vuK6XOtkDw-4/getUpdates "HTTP/1.1 200 OK"
2025-05-29 18:16:01,920 - httpx - INFO - HTTP Request: POST https://api.telegram.org/bot7364628913:AAFOiyxfOhrrWziTwhHdrI2vuK6XOtkDw-4/getUpdates "HTTP/1.1 200 OK"
2025-05-29 18:16:12,025 - httpx - INFO - HTTP Request: POST https://api.telegram.org/bot7364628913:AAFOiyxfOhrrWziTwhHdrI2vuK6XOtkDw-4/getUpdates "HTTP/1.1 200 OK"
2025-05-29 18:16:22,119 - httpx - INFO - HTTP Request: POST https://api.telegram.org/bot7364628913:AAFOiyxfOhrrWziTwhHdrI2vuK6XOtkDw-4/getUpdates "HTTP/1.1 200 OK"
2025-05-29 18:16:32,497 - httpx - INFO - HTTP Request: POST https://api.telegram.org/bot7364628913:AAFOiyxfOhrrWziTwhHdrI2vuK6XOtkDw-4/getUpdates "HTTP/1.1 200 OK"
2025-05-29 18:16:42,599 - httpx - INFO - HTTP Request: POST https://api.telegram.org/bot7364628913:AAFOiyxfOhrrWziTwhHdrI2vuK6XOtkDw-4/getUpdates "HTTP/1.1 200 OK"
2025-05-29 18:16:53,215 - httpx - INFO - HTTP Request: POST https://api.telegram.org/bot7364628913:AAFOiyxfOhrrWziTwhHdrI2vuK6XOtkDw-4/getUpdates "HTTP/1.1 200 OK"
2025-05-29 18:17:03,314 - httpx - INFO - HTTP Request: POST https://api.telegram.org/bot7364628913:AAFOiyxfOhrrWziTwhHdrI2vuK6XOtkDw-4/getUpdates "HTTP/1.1 200 OK"
2025-05-29 18:17:13,411 - httpx - INFO - HTTP Request: POST https://api.telegram.org/bot7364628913:AAFOiyxfOhrrWziTwhHdrI2vuK6XOtkDw-4/getUpdates "HTTP/1.1 200 OK"
2025-05-29 18:22:33,089 - __main__ - INFO - Запуск бота
2025-05-29 18:22:33,893 - httpx - INFO - HTTP Request: POST https://api.telegram.org/bot7364628913:AAFOiyxfOhrrWziTwhHdrI2vuK6XOtkDw-4/getMe "HTTP/1.1 200 OK"
2025-05-29 18:22:34,020 - httpx - INFO - HTTP Request: POST https://api.telegram.org/bot7364628913:AAFOiyxfOhrrWziTwhHdrI2vuK6XOtkDw-4/deleteWebhook "HTTP/1.1 200 OK"
2025-05-29 18:22:34,020 - apscheduler.scheduler - INFO - Scheduler started
2025-05-29 18:22:34,020 - telegram.ext.Application - INFO - Application started
2025-05-29 18:22:44,305 - httpx - INFO - HTTP Request: POST https://api.telegram.org/bot7364628913:AAFOiyxfOhrrWziTwhHdrI2vuK6XOtkDw-4/getUpdates "HTTP/1.1 200 OK"
2025-05-29 18:22:54,589 - httpx - INFO - HTTP Request: POST https://api.telegram.org/bot7364628913:AAFOiyxfOhrrWziTwhHdrI2vuK6XOtkDw-4/getUpdates "HTTP/1.1 200 OK"
2025-05-29 18:23:04,682 - httpx - INFO - HTTP Request: POST https://api.telegram.org/bot7364628913:AAFOiyxfOhrrWziTwhHdrI2vuK6XOtkDw-4/getUpdates "HTTP/1.1 200 OK"
2025-05-29 18:23:14,773 - httpx - INFO - HTTP Request: POST https://api.telegram.org/bot7364628913:AAFOiyxfOhrrWziTwhHdrI2vuK6XOtkDw-4/getUpdates "HTTP/1.1 200 OK"
2025-05-29 18:23:24,868 - httpx - INFO - HTTP Request: POST https://api.telegram.org/bot7364628913:AAFOiyxfOhrrWziTwhHdrI2vuK6XOtkDw-4/getUpdates "HTTP/1.1 200 OK"
2025-05-29 18:23:35,627 - httpx - INFO - HTTP Request: POST https://api.telegram.org/bot7364628913:AAFOiyxfOhrrWziTwhHdrI2vuK6XOtkDw-4/getUpdates "HTTP/1.1 200 OK"
2025-05-29 18:23:45,723 - httpx - INFO - HTTP Request: POST https://api.telegram.org/bot7364628913:AAFOiyxfOhrrWziTwhHdrI2vuK6XOtkDw-4/getUpdates "HTTP/1.1 200 OK"
2025-05-29 18:23:55,827 - httpx - INFO - HTTP Request: POST https://api.telegram.org/bot7364628913:AAFOiyxfOhrrWziTwhHdrI2vuK6XOtkDw-4/getUpdates "HTTP/1.1 200 OK"
2025-05-29 18:24:05,922 - httpx - INFO - HTTP Request: POST https://api.telegram.org/bot7364628913:AAFOiyxfOhrrWziTwhHdrI2vuK6XOtkDw-4/getUpdates "HTTP/1.1 200 OK"
2025-05-29 18:24:16,014 - httpx - INFO - HTTP Request: POST https://api.telegram.org/bot7364628913:AAFOiyxfOhrrWziTwhHdrI2vuK6XOtkDw-4/getUpdates "HTTP/1.1 200 OK"
2025-05-29 18:24:26,245 - httpx - INFO - HTTP Request: POST https://api.telegram.org/bot7364628913:AAFOiyxfOhrrWziTwhHdrI2vuK6XOtkDw-4/getUpdates "HTTP/1.1 200 OK"
2025-05-29 18:24:36,339 - httpx - INFO - HTTP Request: POST https://api.telegram.org/bot7364628913:AAFOiyxfOhrrWziTwhHdrI2vuK6XOtkDw-4/getUpdates "HTTP/1.1 200 OK"
2025-05-29 18:24:46,733 - httpx - INFO - HTTP Request: POST https://api.telegram.org/bot7364628913:AAFOiyxfOhrrWziTwhHdrI2vuK6XOtkDw-4/getUpdates "HTTP/1.1 200 OK"
2025-05-29 18:24:51,838 - httpx - INFO - HTTP Request: POST https://api.telegram.org/bot7364628913:AAFOiyxfOhrrWziTwhHdrI2vuK6XOtkDw-4/getUpdates "HTTP/1.1 200 OK"
2025-05-29 18:24:51,839 - telegram.ext.Application - INFO - Application is stopping. This might take a moment.
2025-05-29 18:24:51,839 - apscheduler.scheduler - INFO - Scheduler has been shut down
2025-05-29 18:24:51,857 - telegram.ext.Application - INFO - Application.stop() complete
